2013/10/22 10:37:43 INFO  - jmeter.util.JMeterUtils: Setting Locale to en_US 
2013/10/22 10:37:43 INFO  - jmeter.JMeter: Loading user properties from: C:\Users\Hyoung\Downloads\apache-jmeter-2.9\apache-jmeter-2.9\bin\user.properties 
2013/10/22 10:37:43 INFO  - jmeter.JMeter: Loading system properties from: C:\Users\Hyoung\Downloads\apache-jmeter-2.9\apache-jmeter-2.9\bin\system.properties 
2013/10/22 10:37:43 INFO  - jmeter.JMeter: Copyright (c) 1998-2013 The Apache Software Foundation 
2013/10/22 10:37:43 INFO  - jmeter.JMeter: Version 2.9 r1437961 
2013/10/22 10:37:43 INFO  - jmeter.JMeter: java.version=1.7.0_07 
2013/10/22 10:37:43 INFO  - jmeter.JMeter: java.vm.name=Java HotSpot(TM) 64-Bit Server VM 
2013/10/22 10:37:43 INFO  - jmeter.JMeter: os.name=Windows 7 
2013/10/22 10:37:43 INFO  - jmeter.JMeter: os.arch=amd64 
2013/10/22 10:37:43 INFO  - jmeter.JMeter: os.version=6.1 
2013/10/22 10:37:43 INFO  - jmeter.JMeter: file.encoding=Cp1252 
2013/10/22 10:37:43 INFO  - jmeter.JMeter: Default Locale=English (United States) 
2013/10/22 10:37:43 INFO  - jmeter.JMeter: JMeter  Locale=English (United States) 
2013/10/22 10:37:43 INFO  - jmeter.JMeter: JMeterHome=C:\Users\Hyoung\Downloads\apache-jmeter-2.9\apache-jmeter-2.9 
2013/10/22 10:37:43 INFO  - jmeter.JMeter: user.dir  =C:\Users\Hyoung\Documents\GitHub\MovieProject\MovieProject\JMeter 
2013/10/22 10:37:43 INFO  - jmeter.JMeter: PWD       =C:\Users\Hyoung\Documents\GitHub\MovieProject\MovieProject\JMeter 
2013/10/22 10:37:43 INFO  - jmeter.JMeter: IP: 192.168.0.112 Name: PC20167 FullName: PC20167.catalystsolves.com 
2013/10/22 10:37:43 INFO  - jmeter.JMeter: Loaded icon properties from org/apache/jmeter/images/icon.properties 
2013/10/22 10:37:44 INFO  - jmeter.engine.util.CompoundVariable: Note: Function class names must contain the string: '.functions.' 
2013/10/22 10:37:44 INFO  - jmeter.engine.util.CompoundVariable: Note: Function class names must not contain the string: '.gui.' 
2013/10/22 10:37:45 INFO  - jmeter.gui.action.LookAndFeelCommand: Using look and feel: javax.swing.plaf.metal.MetalLookAndFeel [Metal, CrossPlatform] 
2013/10/22 10:37:45 INFO  - jmeter.JMeter: Loading file: Jmeter1.jmx 
2013/10/22 10:37:45 INFO  - jmeter.services.FileServer: Default base='C:\Users\Hyoung\Documents\GitHub\MovieProject\MovieProject\JMeter' 
2013/10/22 10:37:45 INFO  - jmeter.services.FileServer: Set new base='C:\Users\Hyoung\Documents\GitHub\MovieProject\MovieProject\JMeter' 
2013/10/22 10:37:45 INFO  - jmeter.save.SaveService: Testplan (JMX) version: 2.2. Testlog (JTL) version: 2.2 
2013/10/22 10:37:45 INFO  - jmeter.save.SaveService: Using SaveService properties file encoding UTF-8 
2013/10/22 10:37:45 INFO  - jmeter.save.SaveService: Using SaveService properties file version 1427507 
2013/10/22 10:37:45 INFO  - jmeter.save.SaveService: Using SaveService properties version 2.4 
2013/10/22 10:37:45 INFO  - jmeter.save.SaveService: All converter versions present and correct 
2013/10/22 10:37:46 INFO  - jmeter.protocol.http.control.CookieManager: Settings: Delete null: true Check: true Allow variable: true Save: false Prefix: COOKIE_ 
2013/10/22 10:37:46 INFO  - jmeter.protocol.http.sampler.HTTPSamplerBase: Cannot find .className property for htmlParser, using default 
2013/10/22 10:37:46 INFO  - jmeter.protocol.http.sampler.HTTPSamplerBase: Parser for text/html is  
2013/10/22 10:37:46 INFO  - jmeter.protocol.http.sampler.HTTPSamplerBase: Parser for application/xhtml+xml is  
2013/10/22 10:37:46 INFO  - jmeter.protocol.http.sampler.HTTPSamplerBase: Parser for application/xml is  
2013/10/22 10:37:46 INFO  - jmeter.protocol.http.sampler.HTTPSamplerBase: Parser for text/xml is  
2013/10/22 10:37:46 INFO  - jmeter.protocol.http.sampler.HTTPSamplerBase: Parser for text/vnd.wap.wml is org.apache.jmeter.protocol.http.parser.RegexpHTMLParser 
2013/10/22 10:37:46 INFO  - jmeter.protocol.http.sampler.HTTPSamplerBase: Reuse SSL session context on subsequent iterations: true 
2013/10/22 10:37:46 INFO  - jmeter.util.BSFTestElement: Registering JMeter version of JavaScript engine as work-round for BSF-22 
2013/10/22 10:37:46 INFO  - jmeter.services.FileServer: Set new base='C:\Users\Hyoung\Documents\GitHub\MovieProject\MovieProject\JMeter' 
2013/10/22 10:37:46 INFO  - jmeter.samplers.SampleResult: Note: Sample TimeStamps are START times 
2013/10/22 10:37:46 INFO  - jmeter.samplers.SampleResult: sampleresult.default.encoding is set to ISO-8859-1 
2013/10/22 10:37:46 INFO  - jmeter.samplers.SampleResult: sampleresult.useNanoTime=true 
2013/10/22 10:37:46 INFO  - jmeter.samplers.SampleResult: sampleresult.nanoThreadSleep=5000 
2013/10/22 10:37:46 INFO  - jmeter.gui.util.MenuFactory: Skipping org.apache.jmeter.protocol.http.modifier.gui.ParamModifierGui 
2013/10/22 10:45:00 INFO  - jmeter.engine.StandardJMeterEngine: Listeners will be started after enabling running version 
2013/10/22 10:45:00 INFO  - jmeter.engine.StandardJMeterEngine: To revert to the earlier behaviour, define jmeterengine.startlistenerslater=false 
2013/10/22 10:45:00 INFO  - jmeter.engine.StandardJMeterEngine: Running the test! 
2013/10/22 10:45:00 INFO  - jmeter.gui.util.JMeterMenuBar: setRunning(true,*local*) 
2013/10/22 10:45:00 INFO  - jmeter.engine.StandardJMeterEngine: Starting ThreadGroup: 1 : Nature Journal Thread 
2013/10/22 10:45:00 INFO  - jmeter.engine.StandardJMeterEngine: Starting 1 threads for group Nature Journal Thread. 
2013/10/22 10:45:00 INFO  - jmeter.engine.StandardJMeterEngine: Thread will continue on error 
2013/10/22 10:45:00 INFO  - jmeter.threads.ThreadGroup: Starting thread group number 1 threads 1 ramp-up 1 perThread 1000.0 delayedStart=false 
2013/10/22 10:45:00 INFO  - jmeter.threads.JMeterThread: jmeterthread.startearlier=true (see jmeter.properties) 
2013/10/22 10:45:00 INFO  - jmeter.threads.JMeterThread: Running PostProcessors in forward order 
2013/10/22 10:45:00 INFO  - jmeter.threads.ThreadGroup: Started thread group number 1 
2013/10/22 10:45:00 INFO  - jmeter.engine.StandardJMeterEngine: All thread groups have been started 
2013/10/22 10:45:00 INFO  - jmeter.threads.JMeterThread: Thread started: Nature Journal Thread 1-1 
2013/10/22 10:45:00 INFO  - jmeter.protocol.http.sampler.HTTPHCAbstractImpl: Local host = PC20167 
2013/10/22 10:45:00 INFO  - jmeter.protocol.http.sampler.HTTPHC4Impl: HTTP request retry count = 1 
2013/10/22 10:45:00 INFO  - jmeter.protocol.http.sampler.HTTPHC4Impl: Setting up HTTPS TrustAll scheme 
2013/10/22 10:45:00 INFO  - jmeter.util.JsseSSLManager: Using default SSL protocol: TLS 
2013/10/22 10:45:00 INFO  - jmeter.util.JsseSSLManager: SSL session context: per-thread 
2013/10/22 10:45:02 INFO  - jmeter.threads.JMeterThread: Thread finished: Nature Journal Thread 1-1 
2013/10/22 10:45:02 INFO  - jmeter.engine.StandardJMeterEngine: Notifying test listeners of end of test 
2013/10/22 10:45:02 INFO  - jmeter.gui.util.JMeterMenuBar: setRunning(false,*local*) 
2013/10/22 11:06:20 INFO  - jmeter.engine.StandardJMeterEngine: Running the test! 
2013/10/22 11:06:20 INFO  - jmeter.gui.util.JMeterMenuBar: setRunning(true,*local*) 
2013/10/22 11:06:20 INFO  - jmeter.engine.StandardJMeterEngine: Starting ThreadGroup: 1 : Nature Journal Thread 
2013/10/22 11:06:20 INFO  - jmeter.engine.StandardJMeterEngine: Starting 1 threads for group Nature Journal Thread. 
2013/10/22 11:06:20 INFO  - jmeter.engine.StandardJMeterEngine: Thread will continue on error 
2013/10/22 11:06:20 INFO  - jmeter.threads.ThreadGroup: Starting thread group number 1 threads 1 ramp-up 1 perThread 1000.0 delayedStart=false 
2013/10/22 11:06:20 INFO  - jmeter.threads.ThreadGroup: Started thread group number 1 
2013/10/22 11:06:20 INFO  - jmeter.engine.StandardJMeterEngine: All thread groups have been started 
2013/10/22 11:06:20 INFO  - jmeter.threads.JMeterThread: Thread started: Nature Journal Thread 1-1 
2013/10/22 11:06:20 INFO  - jmeter.threads.JMeterThread: Thread finished: Nature Journal Thread 1-1 
2013/10/22 11:06:20 INFO  - jmeter.engine.StandardJMeterEngine: Notifying test listeners of end of test 
2013/10/22 11:06:20 INFO  - jmeter.gui.util.JMeterMenuBar: setRunning(false,*local*) 
2013/10/22 11:10:25 INFO  - jmeter.engine.StandardJMeterEngine: Running the test! 
2013/10/22 11:10:25 INFO  - jmeter.gui.util.JMeterMenuBar: setRunning(true,*local*) 
2013/10/22 11:10:25 INFO  - jmeter.engine.StandardJMeterEngine: Starting ThreadGroup: 1 : Nature Journal Thread 
2013/10/22 11:10:25 INFO  - jmeter.engine.StandardJMeterEngine: Starting 1 threads for group Nature Journal Thread. 
2013/10/22 11:10:25 INFO  - jmeter.engine.StandardJMeterEngine: Thread will continue on error 
2013/10/22 11:10:25 INFO  - jmeter.threads.ThreadGroup: Starting thread group number 1 threads 1 ramp-up 1 perThread 1000.0 delayedStart=false 
2013/10/22 11:10:25 INFO  - jmeter.threads.ThreadGroup: Started thread group number 1 
2013/10/22 11:10:25 INFO  - jmeter.engine.StandardJMeterEngine: All thread groups have been started 
2013/10/22 11:10:25 INFO  - jmeter.threads.JMeterThread: Thread started: Nature Journal Thread 1-1 
2013/10/22 11:10:26 INFO  - jmeter.threads.JMeterThread: Thread finished: Nature Journal Thread 1-1 
2013/10/22 11:10:26 INFO  - jmeter.engine.StandardJMeterEngine: Notifying test listeners of end of test 
2013/10/22 11:10:26 INFO  - jmeter.gui.util.JMeterMenuBar: setRunning(false,*local*) 
2013/10/22 11:13:42 INFO  - jmeter.engine.StandardJMeterEngine: Running the test! 
2013/10/22 11:13:42 INFO  - jmeter.gui.util.JMeterMenuBar: setRunning(true,*local*) 
2013/10/22 11:13:43 INFO  - jmeter.engine.StandardJMeterEngine: Starting ThreadGroup: 1 : Nature Journal Thread 
2013/10/22 11:13:43 INFO  - jmeter.engine.StandardJMeterEngine: Starting 1 threads for group Nature Journal Thread. 
2013/10/22 11:13:43 INFO  - jmeter.engine.StandardJMeterEngine: Thread will continue on error 
2013/10/22 11:13:43 INFO  - jmeter.threads.ThreadGroup: Starting thread group number 1 threads 1 ramp-up 1 perThread 1000.0 delayedStart=false 
2013/10/22 11:13:43 INFO  - jmeter.threads.ThreadGroup: Started thread group number 1 
2013/10/22 11:13:43 INFO  - jmeter.engine.StandardJMeterEngine: All thread groups have been started 
2013/10/22 11:13:43 INFO  - jmeter.threads.JMeterThread: Thread started: Nature Journal Thread 1-1 
2013/10/22 11:13:44 INFO  - jmeter.threads.JMeterThread: Thread finished: Nature Journal Thread 1-1 
2013/10/22 11:13:44 INFO  - jmeter.engine.StandardJMeterEngine: Notifying test listeners of end of test 
2013/10/22 11:13:44 INFO  - jmeter.gui.util.JMeterMenuBar: setRunning(false,*local*) 
2013/10/22 11:15:50 INFO  - jmeter.engine.StandardJMeterEngine: Running the test! 
2013/10/22 11:15:50 INFO  - jmeter.gui.util.JMeterMenuBar: setRunning(true,*local*) 
2013/10/22 11:15:50 INFO  - jmeter.engine.StandardJMeterEngine: Starting ThreadGroup: 1 : Nature Journal Thread 
2013/10/22 11:15:50 INFO  - jmeter.engine.StandardJMeterEngine: Starting 1 threads for group Nature Journal Thread. 
2013/10/22 11:15:50 INFO  - jmeter.engine.StandardJMeterEngine: Thread will continue on error 
2013/10/22 11:15:50 INFO  - jmeter.threads.ThreadGroup: Starting thread group number 1 threads 1 ramp-up 1 perThread 1000.0 delayedStart=false 
2013/10/22 11:15:50 INFO  - jmeter.threads.ThreadGroup: Started thread group number 1 
2013/10/22 11:15:50 INFO  - jmeter.engine.StandardJMeterEngine: All thread groups have been started 
2013/10/22 11:15:50 INFO  - jmeter.threads.JMeterThread: Thread started: Nature Journal Thread 1-1 
2013/10/22 11:15:50 INFO  - jmeter.threads.JMeterThread: Thread finished: Nature Journal Thread 1-1 
2013/10/22 11:15:50 INFO  - jmeter.engine.StandardJMeterEngine: Notifying test listeners of end of test 
2013/10/22 11:15:50 INFO  - jmeter.gui.util.JMeterMenuBar: setRunning(false,*local*) 
2013/10/22 11:16:21 INFO  - jmeter.engine.StandardJMeterEngine: Running the test! 
2013/10/22 11:16:21 INFO  - jmeter.gui.util.JMeterMenuBar: setRunning(true,*local*) 
2013/10/22 11:16:21 INFO  - jmeter.engine.StandardJMeterEngine: Starting ThreadGroup: 1 : Nature Journal Thread 
2013/10/22 11:16:21 INFO  - jmeter.engine.StandardJMeterEngine: Starting 1 threads for group Nature Journal Thread. 
2013/10/22 11:16:21 INFO  - jmeter.engine.StandardJMeterEngine: Thread will continue on error 
2013/10/22 11:16:21 INFO  - jmeter.threads.ThreadGroup: Starting thread group number 1 threads 1 ramp-up 1 perThread 1000.0 delayedStart=false 
2013/10/22 11:16:21 INFO  - jmeter.threads.ThreadGroup: Started thread group number 1 
2013/10/22 11:16:21 INFO  - jmeter.engine.StandardJMeterEngine: All thread groups have been started 
2013/10/22 11:16:21 INFO  - jmeter.threads.JMeterThread: Thread started: Nature Journal Thread 1-1 
2013/10/22 11:16:22 INFO  - jmeter.threads.JMeterThread: Thread finished: Nature Journal Thread 1-1 
2013/10/22 11:16:22 INFO  - jmeter.engine.StandardJMeterEngine: Notifying test listeners of end of test 
2013/10/22 11:16:22 INFO  - jmeter.gui.util.JMeterMenuBar: setRunning(false,*local*) 
2013/10/22 11:17:05 INFO  - jmeter.engine.StandardJMeterEngine: Running the test! 
2013/10/22 11:17:05 INFO  - jmeter.gui.util.JMeterMenuBar: setRunning(true,*local*) 
2013/10/22 11:17:05 INFO  - jmeter.engine.StandardJMeterEngine: Starting ThreadGroup: 1 : Nature Journal Thread 
2013/10/22 11:17:05 INFO  - jmeter.engine.StandardJMeterEngine: Starting 1 threads for group Nature Journal Thread. 
2013/10/22 11:17:05 INFO  - jmeter.engine.StandardJMeterEngine: Thread will continue on error 
2013/10/22 11:17:05 INFO  - jmeter.threads.ThreadGroup: Starting thread group number 1 threads 1 ramp-up 1 perThread 1000.0 delayedStart=false 
2013/10/22 11:17:05 INFO  - jmeter.threads.ThreadGroup: Started thread group number 1 
2013/10/22 11:17:05 INFO  - jmeter.engine.StandardJMeterEngine: All thread groups have been started 
2013/10/22 11:17:05 INFO  - jmeter.threads.JMeterThread: Thread started: Nature Journal Thread 1-1 
2013/10/22 11:17:05 INFO  - jmeter.threads.JMeterThread: Thread finished: Nature Journal Thread 1-1 
2013/10/22 11:17:05 INFO  - jmeter.engine.StandardJMeterEngine: Notifying test listeners of end of test 
2013/10/22 11:17:06 INFO  - jmeter.gui.util.JMeterMenuBar: setRunning(false,*local*) 
2013/10/22 11:17:31 INFO  - jmeter.engine.StandardJMeterEngine: Running the test! 
2013/10/22 11:17:31 INFO  - jmeter.gui.util.JMeterMenuBar: setRunning(true,*local*) 
2013/10/22 11:17:31 INFO  - jmeter.engine.StandardJMeterEngine: Starting ThreadGroup: 1 : Nature Journal Thread 
2013/10/22 11:17:31 INFO  - jmeter.engine.StandardJMeterEngine: Starting 1 threads for group Nature Journal Thread. 
2013/10/22 11:17:31 INFO  - jmeter.engine.StandardJMeterEngine: Thread will continue on error 
2013/10/22 11:17:31 INFO  - jmeter.threads.ThreadGroup: Starting thread group number 1 threads 1 ramp-up 1 perThread 1000.0 delayedStart=false 
2013/10/22 11:17:31 INFO  - jmeter.threads.ThreadGroup: Started thread group number 1 
2013/10/22 11:17:31 INFO  - jmeter.engine.StandardJMeterEngine: All thread groups have been started 
2013/10/22 11:17:31 INFO  - jmeter.threads.JMeterThread: Thread started: Nature Journal Thread 1-1 
2013/10/22 11:17:31 INFO  - jmeter.threads.JMeterThread: Thread finished: Nature Journal Thread 1-1 
2013/10/22 11:17:31 INFO  - jmeter.engine.StandardJMeterEngine: Notifying test listeners of end of test 
2013/10/22 11:17:31 INFO  - jmeter.gui.util.JMeterMenuBar: setRunning(false,*local*) 
2013/10/22 11:32:33 INFO  - jmeter.engine.StandardJMeterEngine: Running the test! 
2013/10/22 11:32:33 INFO  - jmeter.gui.util.JMeterMenuBar: setRunning(true,*local*) 
2013/10/22 11:32:33 INFO  - jmeter.engine.StandardJMeterEngine: Starting ThreadGroup: 1 : Nature Journal Thread 
2013/10/22 11:32:33 INFO  - jmeter.engine.StandardJMeterEngine: Starting 1 threads for group Nature Journal Thread. 
2013/10/22 11:32:33 INFO  - jmeter.engine.StandardJMeterEngine: Thread will continue on error 
2013/10/22 11:32:33 INFO  - jmeter.threads.ThreadGroup: Starting thread group number 1 threads 1 ramp-up 1 perThread 1000.0 delayedStart=false 
2013/10/22 11:32:33 INFO  - jmeter.threads.ThreadGroup: Started thread group number 1 
2013/10/22 11:32:33 INFO  - jmeter.engine.StandardJMeterEngine: All thread groups have been started 
2013/10/22 11:32:33 INFO  - jmeter.threads.JMeterThread: Thread started: Nature Journal Thread 1-1 
2013/10/22 11:32:35 INFO  - jmeter.threads.JMeterThread: Thread finished: Nature Journal Thread 1-1 
2013/10/22 11:32:35 INFO  - jmeter.engine.StandardJMeterEngine: Notifying test listeners of end of test 
2013/10/22 11:32:35 INFO  - jmeter.gui.util.JMeterMenuBar: setRunning(false,*local*) 
2013/10/22 11:34:00 INFO  - jmeter.engine.StandardJMeterEngine: Running the test! 
2013/10/22 11:34:00 INFO  - jmeter.gui.util.JMeterMenuBar: setRunning(true,*local*) 
2013/10/22 11:34:00 INFO  - jmeter.engine.StandardJMeterEngine: Starting ThreadGroup: 1 : Nature Journal Thread 
2013/10/22 11:34:00 INFO  - jmeter.engine.StandardJMeterEngine: Starting 1 threads for group Nature Journal Thread. 
2013/10/22 11:34:00 INFO  - jmeter.engine.StandardJMeterEngine: Thread will continue on error 
2013/10/22 11:34:00 INFO  - jmeter.threads.ThreadGroup: Starting thread group number 1 threads 1 ramp-up 1 perThread 1000.0 delayedStart=false 
2013/10/22 11:34:00 INFO  - jmeter.threads.ThreadGroup: Started thread group number 1 
2013/10/22 11:34:00 INFO  - jmeter.engine.StandardJMeterEngine: All thread groups have been started 
2013/10/22 11:34:00 INFO  - jmeter.threads.JMeterThread: Thread started: Nature Journal Thread 1-1 
2013/10/22 11:34:00 INFO  - jmeter.threads.JMeterThread: Thread finished: Nature Journal Thread 1-1 
2013/10/22 11:34:00 INFO  - jmeter.engine.StandardJMeterEngine: Notifying test listeners of end of test 
2013/10/22 11:34:00 INFO  - jmeter.gui.util.JMeterMenuBar: setRunning(false,*local*) 
2013/10/22 15:52:19 INFO  - jmeter.engine.StandardJMeterEngine: Running the test! 
2013/10/22 15:52:19 INFO  - jmeter.gui.util.JMeterMenuBar: setRunning(true,*local*) 
2013/10/22 15:52:19 INFO  - jmeter.engine.StandardJMeterEngine: Starting ThreadGroup: 1 : Nature Journal Thread 
2013/10/22 15:52:19 INFO  - jmeter.engine.StandardJMeterEngine: Starting 1 threads for group Nature Journal Thread. 
2013/10/22 15:52:19 INFO  - jmeter.engine.StandardJMeterEngine: Thread will continue on error 
2013/10/22 15:52:19 INFO  - jmeter.threads.ThreadGroup: Starting thread group number 1 threads 1 ramp-up 1 perThread 1000.0 delayedStart=false 
2013/10/22 15:52:19 INFO  - jmeter.threads.ThreadGroup: Started thread group number 1 
2013/10/22 15:52:19 INFO  - jmeter.engine.StandardJMeterEngine: All thread groups have been started 
2013/10/22 15:52:19 INFO  - jmeter.threads.JMeterThread: Thread started: Nature Journal Thread 1-1 
2013/10/22 15:52:20 INFO  - jmeter.threads.JMeterThread: Thread finished: Nature Journal Thread 1-1 
2013/10/22 15:52:20 INFO  - jmeter.engine.StandardJMeterEngine: Notifying test listeners of end of test 
2013/10/22 15:52:20 INFO  - jmeter.gui.util.JMeterMenuBar: setRunning(false,*local*) 
2013/10/22 15:54:00 INFO  - jmeter.engine.StandardJMeterEngine: Running the test! 
2013/10/22 15:54:00 INFO  - jmeter.gui.util.JMeterMenuBar: setRunning(true,*local*) 
2013/10/22 15:54:00 INFO  - jmeter.engine.StandardJMeterEngine: Starting ThreadGroup: 1 : Nature Journal Thread 
2013/10/22 15:54:00 INFO  - jmeter.engine.StandardJMeterEngine: Starting 1 threads for group Nature Journal Thread. 
2013/10/22 15:54:00 INFO  - jmeter.engine.StandardJMeterEngine: Thread will continue on error 
2013/10/22 15:54:00 INFO  - jmeter.threads.ThreadGroup: Starting thread group number 1 threads 1 ramp-up 1 perThread 1000.0 delayedStart=false 
2013/10/22 15:54:00 INFO  - jmeter.threads.ThreadGroup: Started thread group number 1 
2013/10/22 15:54:00 INFO  - jmeter.engine.StandardJMeterEngine: All thread groups have been started 
2013/10/22 15:54:00 INFO  - jmeter.threads.JMeterThread: Thread started: Nature Journal Thread 1-1 
2013/10/22 15:54:00 INFO  - jmeter.threads.JMeterThread: Thread finished: Nature Journal Thread 1-1 
2013/10/22 15:54:00 INFO  - jmeter.engine.StandardJMeterEngine: Notifying test listeners of end of test 
2013/10/22 15:54:00 INFO  - jmeter.gui.util.JMeterMenuBar: setRunning(false,*local*) 
2013/10/22 15:54:10 INFO  - jmeter.engine.StandardJMeterEngine: Running the test! 
2013/10/22 15:54:10 INFO  - jmeter.gui.util.JMeterMenuBar: setRunning(true,*local*) 
2013/10/22 15:54:10 INFO  - jmeter.engine.StandardJMeterEngine: Starting ThreadGroup: 1 : Nature Journal Thread 
2013/10/22 15:54:10 INFO  - jmeter.engine.StandardJMeterEngine: Starting 1 threads for group Nature Journal Thread. 
2013/10/22 15:54:10 INFO  - jmeter.engine.StandardJMeterEngine: Thread will continue on error 
2013/10/22 15:54:10 INFO  - jmeter.threads.ThreadGroup: Starting thread group number 1 threads 1 ramp-up 1 perThread 1000.0 delayedStart=false 
2013/10/22 15:54:10 INFO  - jmeter.threads.ThreadGroup: Started thread group number 1 
2013/10/22 15:54:10 INFO  - jmeter.engine.StandardJMeterEngine: All thread groups have been started 
2013/10/22 15:54:10 INFO  - jmeter.threads.JMeterThread: Thread started: Nature Journal Thread 1-1 
2013/10/22 15:54:11 INFO  - jmeter.threads.JMeterThread: Thread finished: Nature Journal Thread 1-1 
2013/10/22 15:54:11 INFO  - jmeter.engine.StandardJMeterEngine: Notifying test listeners of end of test 
2013/10/22 15:54:11 INFO  - jmeter.gui.util.JMeterMenuBar: setRunning(false,*local*) 
2013/10/22 15:54:56 INFO  - jmeter.engine.StandardJMeterEngine: Running the test! 
2013/10/22 15:54:56 INFO  - jmeter.gui.util.JMeterMenuBar: setRunning(true,*local*) 
2013/10/22 15:54:56 INFO  - jmeter.engine.StandardJMeterEngine: Starting ThreadGroup: 1 : Nature Journal Thread 
2013/10/22 15:54:56 INFO  - jmeter.engine.StandardJMeterEngine: Starting 1 threads for group Nature Journal Thread. 
2013/10/22 15:54:56 INFO  - jmeter.engine.StandardJMeterEngine: Thread will continue on error 
2013/10/22 15:54:56 INFO  - jmeter.threads.ThreadGroup: Starting thread group number 1 threads 1 ramp-up 1 perThread 1000.0 delayedStart=false 
2013/10/22 15:54:56 INFO  - jmeter.threads.ThreadGroup: Started thread group number 1 
2013/10/22 15:54:56 INFO  - jmeter.engine.StandardJMeterEngine: All thread groups have been started 
2013/10/22 15:54:56 INFO  - jmeter.threads.JMeterThread: Thread started: Nature Journal Thread 1-1 
2013/10/22 15:54:57 INFO  - jmeter.threads.JMeterThread: Thread finished: Nature Journal Thread 1-1 
2013/10/22 15:54:57 INFO  - jmeter.engine.StandardJMeterEngine: Notifying test listeners of end of test 
2013/10/22 15:54:57 INFO  - jmeter.gui.util.JMeterMenuBar: setRunning(false,*local*) 
2013/10/22 15:58:07 INFO  - jmeter.engine.StandardJMeterEngine: Running the test! 
2013/10/22 15:58:07 INFO  - jmeter.gui.util.JMeterMenuBar: setRunning(true,*local*) 
2013/10/22 15:58:07 INFO  - jmeter.engine.StandardJMeterEngine: Starting ThreadGroup: 1 : Nature Journal Thread 
2013/10/22 15:58:07 INFO  - jmeter.engine.StandardJMeterEngine: Starting 1 threads for group Nature Journal Thread. 
2013/10/22 15:58:07 INFO  - jmeter.engine.StandardJMeterEngine: Thread will continue on error 
2013/10/22 15:58:07 INFO  - jmeter.threads.ThreadGroup: Starting thread group number 1 threads 1 ramp-up 1 perThread 1000.0 delayedStart=false 
2013/10/22 15:58:07 INFO  - jmeter.threads.ThreadGroup: Started thread group number 1 
2013/10/22 15:58:07 INFO  - jmeter.engine.StandardJMeterEngine: All thread groups have been started 
2013/10/22 15:58:07 INFO  - jmeter.threads.JMeterThread: Thread started: Nature Journal Thread 1-1 
2013/10/22 15:58:08 INFO  - jmeter.threads.JMeterThread: Thread finished: Nature Journal Thread 1-1 
2013/10/22 15:58:08 INFO  - jmeter.engine.StandardJMeterEngine: Notifying test listeners of end of test 
2013/10/22 15:58:08 INFO  - jmeter.gui.util.JMeterMenuBar: setRunning(false,*local*) 
2013/10/22 15:59:02 INFO  - jmeter.engine.StandardJMeterEngine: Running the test! 
2013/10/22 15:59:02 INFO  - jmeter.gui.util.JMeterMenuBar: setRunning(true,*local*) 
2013/10/22 15:59:02 INFO  - jmeter.engine.StandardJMeterEngine: Starting ThreadGroup: 1 : Nature Journal Thread 
2013/10/22 15:59:02 INFO  - jmeter.engine.StandardJMeterEngine: Starting 1 threads for group Nature Journal Thread. 
2013/10/22 15:59:02 INFO  - jmeter.engine.StandardJMeterEngine: Thread will continue on error 
2013/10/22 15:59:02 INFO  - jmeter.threads.ThreadGroup: Starting thread group number 1 threads 1 ramp-up 1 perThread 1000.0 delayedStart=false 
2013/10/22 15:59:02 INFO  - jmeter.threads.ThreadGroup: Started thread group number 1 
2013/10/22 15:59:02 INFO  - jmeter.engine.StandardJMeterEngine: All thread groups have been started 
2013/10/22 15:59:02 INFO  - jmeter.threads.JMeterThread: Thread started: Nature Journal Thread 1-1 
2013/10/22 15:59:03 INFO  - jmeter.threads.JMeterThread: Thread finished: Nature Journal Thread 1-1 
2013/10/22 15:59:03 INFO  - jmeter.engine.StandardJMeterEngine: Notifying test listeners of end of test 
2013/10/22 15:59:03 INFO  - jmeter.gui.util.JMeterMenuBar: setRunning(false,*local*) 
2013/10/22 15:59:33 INFO  - jmeter.engine.StandardJMeterEngine: Running the test! 
2013/10/22 15:59:33 INFO  - jmeter.gui.util.JMeterMenuBar: setRunning(true,*local*) 
2013/10/22 15:59:33 INFO  - jmeter.engine.StandardJMeterEngine: Starting ThreadGroup: 1 : Nature Journal Thread 
2013/10/22 15:59:33 INFO  - jmeter.engine.StandardJMeterEngine: Starting 1 threads for group Nature Journal Thread. 
2013/10/22 15:59:33 INFO  - jmeter.engine.StandardJMeterEngine: Thread will continue on error 
2013/10/22 15:59:33 INFO  - jmeter.threads.ThreadGroup: Starting thread group number 1 threads 1 ramp-up 1 perThread 1000.0 delayedStart=false 
2013/10/22 15:59:33 INFO  - jmeter.threads.ThreadGroup: Started thread group number 1 
2013/10/22 15:59:33 INFO  - jmeter.engine.StandardJMeterEngine: All thread groups have been started 
2013/10/22 15:59:33 INFO  - jmeter.threads.JMeterThread: Thread started: Nature Journal Thread 1-1 
2013/10/22 15:59:33 INFO  - jmeter.threads.JMeterThread: Thread finished: Nature Journal Thread 1-1 
2013/10/22 15:59:33 INFO  - jmeter.engine.StandardJMeterEngine: Notifying test listeners of end of test 
2013/10/22 15:59:33 INFO  - jmeter.gui.util.JMeterMenuBar: setRunning(false,*local*) 
2013/10/22 15:59:43 INFO  - jmeter.engine.StandardJMeterEngine: Running the test! 
2013/10/22 15:59:43 INFO  - jmeter.gui.util.JMeterMenuBar: setRunning(true,*local*) 
2013/10/22 15:59:44 INFO  - jmeter.engine.StandardJMeterEngine: Starting ThreadGroup: 1 : Nature Journal Thread 
2013/10/22 15:59:44 INFO  - jmeter.engine.StandardJMeterEngine: Starting 1 threads for group Nature Journal Thread. 
2013/10/22 15:59:44 INFO  - jmeter.engine.StandardJMeterEngine: Thread will continue on error 
2013/10/22 15:59:44 INFO  - jmeter.threads.ThreadGroup: Starting thread group number 1 threads 1 ramp-up 1 perThread 1000.0 delayedStart=false 
2013/10/22 15:59:44 INFO  - jmeter.threads.ThreadGroup: Started thread group number 1 
2013/10/22 15:59:44 INFO  - jmeter.engine.StandardJMeterEngine: All thread groups have been started 
2013/10/22 15:59:44 INFO  - jmeter.threads.JMeterThread: Thread started: Nature Journal Thread 1-1 
2013/10/22 15:59:44 INFO  - jmeter.threads.JMeterThread: Thread finished: Nature Journal Thread 1-1 
2013/10/22 15:59:44 INFO  - jmeter.engine.StandardJMeterEngine: Notifying test listeners of end of test 
2013/10/22 15:59:44 INFO  - jmeter.gui.util.JMeterMenuBar: setRunning(false,*local*) 
2013/10/22 15:59:53 INFO  - jmeter.engine.StandardJMeterEngine: Running the test! 
2013/10/22 15:59:53 INFO  - jmeter.gui.util.JMeterMenuBar: setRunning(true,*local*) 
2013/10/22 15:59:53 INFO  - jmeter.engine.StandardJMeterEngine: Starting ThreadGroup: 1 : Nature Journal Thread 
2013/10/22 15:59:53 INFO  - jmeter.engine.StandardJMeterEngine: Starting 1 threads for group Nature Journal Thread. 
2013/10/22 15:59:53 INFO  - jmeter.engine.StandardJMeterEngine: Thread will continue on error 
2013/10/22 15:59:53 INFO  - jmeter.threads.ThreadGroup: Starting thread group number 1 threads 1 ramp-up 1 perThread 1000.0 delayedStart=false 
2013/10/22 15:59:53 INFO  - jmeter.threads.ThreadGroup: Started thread group number 1 
2013/10/22 15:59:53 INFO  - jmeter.engine.StandardJMeterEngine: All thread groups have been started 
2013/10/22 15:59:53 INFO  - jmeter.threads.JMeterThread: Thread started: Nature Journal Thread 1-1 
2013/10/22 15:59:53 INFO  - jmeter.threads.JMeterThread: Thread finished: Nature Journal Thread 1-1 
2013/10/22 15:59:53 INFO  - jmeter.engine.StandardJMeterEngine: Notifying test listeners of end of test 
2013/10/22 15:59:53 INFO  - jmeter.gui.util.JMeterMenuBar: setRunning(false,*local*) 
